<?xml version="1.0" encoding="UTF-8"?>
<!-- Generated by org.testng.reporters.JUnitXMLReporter -->
<testsuite ignored="1" hostname="DESKTOP-RO8II0V" failures="0" tests="1" name="Default test" time="148.863" errors="0" timestamp="2025-05-08T12:30:42 IST">
  <testcase classname="com.vodafone.test.LoginTest" name="validLoginTest" time="120.916"/>
  <testcase classname="com.vodafone.test.LoginTest" name="invalidLoginTest" time="0.0">
    <ignored/>
  </testcase> <!-- invalidLoginTest -->
</testsuite> <!-- Default test -->
