<?xml version="1.0" encoding="UTF-8"?>
<!-- Generated by org.testng.reporters.JUnitXMLReporter -->
<testsuite ignored="1" hostname="DESKTOP-RO8II0V" failures="0" tests="1" name="Default test" time="11.542" errors="0" timestamp="2025-05-08T11:48:54 IST">
  <testcase classname="com.vodafone.test.LoginTest" name="invalidLoginTest" time="2.711"/>
  <testcase classname="com.vodafone.test.LoginTest" name="validLoginTest" time="0.0">
    <ignored/>
  </testcase> <!-- validLoginTest -->
</testsuite> <!-- Default test -->
