<?xml version="1.0" encoding="UTF-8"?>
<!-- Generated by org.testng.reporters.JUnitXMLReporter -->
<testsuite ignored="1" hostname="DESKTOP-RO8II0V" failures="0" tests="1" name="Login Test Edge" time="9.18" errors="0" timestamp="2025-05-09T13:19:24 IST">
  <testcase classname="com.vodafone.test.LoginUITest" name="titleTest" time="0.034"/>
  <testcase classname="com.vodafone.test.LoginUITest" name="headerTitle" time="0.0">
    <ignored/>
  </testcase> <!-- headerTitle -->
</testsuite> <!-- Login Test Edge -->
