<?xml version="1.0" encoding="UTF-8"?>
<testng-results ignored="1" total="2" passed="1" failed="0" skipped="0">
  <reporter-output>
  </reporter-output>
  <suite started-at="2025-05-09T13:19:15 IST" name="Orange HRM Suite" finished-at="2025-05-09T13:19:24 IST" duration-ms="9180">
    <groups>
      <group name="ui">
        <method signature="LoginUITest.titleTest()[pri:0, instance:com.vodafone.test.LoginUITest@795cd85e]" name="titleTest" class="com.vodafone.test.LoginUITest"/>
      </group> <!-- ui -->
      <group name="smoke">
        <method signature="LoginUITest.titleTest()[pri:0, instance:com.vodafone.test.LoginUITest@795cd85e]" name="titleTest" class="com.vodafone.test.LoginUITest"/>
      </group> <!-- smoke -->
    </groups>
    <test started-at="2025-05-09T13:19:15 IST" name="Login Test Edge" finished-at="2025-05-09T13:19:24 IST" duration-ms="9180">
      <class name="com.vodafone.test.LoginUITest">
        <test-method is-config="true" signature="setup(java.lang.String)[pri:0, instance:com.vodafone.test.LoginUITest@795cd85e]" started-at="2025-05-09T13:19:15 IST" name="setup" finished-at="2025-05-09T13:19:23 IST" duration-ms="7454" status="PASS">
          <params>
            <param index="0">
              <value>
                <![CDATA[edge]]>
              </value>
            </param>
          </params>
          <reporter-output>
          </reporter-output>
        </test-method> <!-- setup -->
        <test-method signature="titleTest()[pri:0, instance:com.vodafone.test.LoginUITest@795cd85e]" started-at="2025-05-09T13:19:23 IST" name="titleTest" finished-at="2025-05-09T13:19:23 IST" duration-ms="34" status="PASS">
          <reporter-output>
          </reporter-output>
        </test-method> <!-- titleTest -->
        <test-method is-config="true" signature="teardown()[pri:0, instance:com.vodafone.test.LoginUITest@795cd85e]" started-at="2025-05-09T13:19:23 IST" name="teardown" finished-at="2025-05-09T13:19:24 IST" duration-ms="1581" status="PASS">
          <reporter-output>
          </reporter-output>
        </test-method> <!-- teardown -->
      </class> <!-- com.vodafone.test.LoginUITest -->
    </test> <!-- Login Test Edge -->
  </suite> <!-- Orange HRM Suite -->
</testng-results>
