<?xml version="1.0" encoding="UTF-8"?>
<testng-results ignored="1" total="2" passed="1" failed="0" skipped="0">
  <reporter-output>
  </reporter-output>
  <suite started-at="2025-05-08T17:15:52 IST" name="Default suite" finished-at="2025-05-08T17:17:46 IST" duration-ms="113361">
    <groups>
    </groups>
    <test started-at="2025-05-08T17:15:52 IST" name="Default test" finished-at="2025-05-08T17:17:46 IST" duration-ms="113361">
      <class name="com.vodafone.test.LoginTest">
        <test-method is-config="true" signature="setup()[pri:0, instance:com.vodafone.test.LoginTest@7ce69770]" started-at="2025-05-08T17:16:31 IST" name="setup" finished-at="2025-05-08T17:17:00 IST" duration-ms="29450" status="PASS">
          <reporter-output>
          </reporter-output>
        </test-method> <!-- setup -->
        <test-method signature="validLoginTest(java.lang.String,java.lang.String,java.lang.String)[pri:0, instance:com.vodafone.test.LoginTest@7ce69770]" started-at="2025-05-08T17:17:00 IST" name="validLoginTest" data-provider="commonDataProvider" finished-at="2025-05-08T17:17:42 IST" duration-ms="42214" status="PASS">
          <params>
            <param index="0">
              <value>
                <![CDATA[Admin]]>
              </value>
            </param>
            <param index="1">
              <value>
                <![CDATA[admin123]]>
              </value>
            </param>
            <param index="2">
              <value>
                <![CDATA[Quick Launch]]>
              </value>
            </param>
          </params>
          <reporter-output>
          </reporter-output>
        </test-method> <!-- validLoginTest -->
        <test-method is-config="true" signature="teardown()[pri:0, instance:com.vodafone.test.LoginTest@7ce69770]" started-at="2025-05-08T17:17:42 IST" name="teardown" finished-at="2025-05-08T17:17:46 IST" duration-ms="3364" status="PASS">
          <reporter-output>
          </reporter-output>
        </test-method> <!-- teardown -->
      </class> <!-- com.vodafone.test.LoginTest -->
    </test> <!-- Default test -->
  </suite> <!-- Default suite -->
</testng-results>
