<?xml version="1.0" encoding="UTF-8"?>
<testng-results ignored="1" total="2" passed="1" failed="0" skipped="0">
  <reporter-output>
  </reporter-output>
  <suite started-at="2025-05-08T11:48:42 IST" name="Default suite" finished-at="2025-05-08T11:48:54 IST" duration-ms="11542">
    <groups>
    </groups>
    <test started-at="2025-05-08T11:48:42 IST" name="Default test" finished-at="2025-05-08T11:48:54 IST" duration-ms="11542">
      <class name="com.vodafone.test.LoginTest">
        <test-method is-config="true" signature="setup()[pri:0, instance:com.vodafone.test.LoginTest@4218d6a3]" started-at="2025-05-08T11:48:42 IST" name="setup" finished-at="2025-05-08T11:48:50 IST" duration-ms="8186" status="PASS">
          <reporter-output>
          </reporter-output>
        </test-method> <!-- setup -->
        <test-method signature="invalidLoginTest()[pri:0, instance:com.vodafone.test.LoginTest@4218d6a3]" started-at="2025-05-08T11:48:50 IST" name="invalidLoginTest" finished-at="2025-05-08T11:48:53 IST" duration-ms="2711" status="PASS">
          <reporter-output>
          </reporter-output>
        </test-method> <!-- invalidLoginTest -->
        <test-method is-config="true" signature="teardown()[pri:0, instance:com.vodafone.test.LoginTest@4218d6a3]" started-at="2025-05-08T11:48:53 IST" name="teardown" finished-at="2025-05-08T11:48:54 IST" duration-ms="565" status="PASS">
          <reporter-output>
          </reporter-output>
        </test-method> <!-- teardown -->
      </class> <!-- com.vodafone.test.LoginTest -->
    </test> <!-- Default test -->
  </suite> <!-- Default suite -->
</testng-results>
