<?xml version="1.0" encoding="UTF-8"?>
<!-- Generated by org.testng.reporters.JUnitXMLReporter -->
<testsuite ignored="3" hostname="DESKTOP-RO8II0V" failures="0" tests="2" name="Login Test" time="25.783" errors="0" timestamp="2025-05-09T12:32:44 IST">
  <testcase classname="com.vodafone.test.LoginUITest" name="titleTest" time="0.049"/>
  <testcase classname="com.vodafone.test.LoginTest" name="validLoginTest" time="3.526"/>
  <testcase classname="com.vodafone.test.LoginUITest" name="headerTitle" time="0.0">
    <ignored/>
  </testcase> <!-- headerTitle -->
  <testcase classname="com.vodafone.test.LoginTest" name="invalidLoginTest" time="0.0">
    <ignored/>
  </testcase> <!-- invalidLoginTest -->
  <testcase classname="com.vodafone.test.EmployeeTest" name="addValidEmployeeTest" time="0.0">
    <ignored/>
  </testcase> <!-- addValidEmployeeTest -->
</testsuite> <!-- Login Test -->
