<?xml version="1.0" encoding="UTF-8"?>
<!-- Generated by org.testng.reporters.JUnitXMLReporter -->
<testsuite ignored="1" hostname="DESKTOP-RO8II0V" failures="0" tests="1" name="Login Test Edge" time="16.877" errors="0" timestamp="2025-05-09T12:26:44 IST">
  <testcase classname="com.vodafone.test.LoginTest" name="validLoginTest" time="2.628"/>
  <testcase classname="com.vodafone.test.LoginTest" name="invalidLoginTest" time="0.0">
    <ignored/>
  </testcase> <!-- invalidLoginTest -->
</testsuite> <!-- Login Test Edge -->
